[2018-07-30 08:25:43.310] [exthost1] [info] extension host started
[2018-07-30 08:25:43.362] [exthost1] [info] ExtensionService#_doActivateExtension vscode.emmet {"startup":true,"activationEvent":"*"}
[2018-07-30 08:25:43.362] [exthost1] [info] ExtensionService#loadCommonJSModule /opt/visual-studio-code/resources/app/extensions/emmet/out/extension
[2018-07-30 08:25:43.474] [exthost1] [info] ExtensionService#_doActivateExtension vscode.git {"startup":true,"activationEvent":"*"}
[2018-07-30 08:25:43.474] [exthost1] [info] ExtensionService#loadCommonJSModule /opt/visual-studio-code/resources/app/extensions/git/out/main
[2018-07-30 08:25:43.789] [exthost1] [info] ExtensionService#_doActivateExtension vscode.merge-conflict {"startup":true,"activationEvent":"*"}
[2018-07-30 08:25:43.789] [exthost1] [info] ExtensionService#loadCommonJSModule /opt/visual-studio-code/resources/app/extensions/merge-conflict/out/extension
[2018-07-30 08:25:43.807] [exthost1] [info] ExtensionService#_doActivateExtension vscode.search-rg {"startup":true,"activationEvent":"*"}
[2018-07-30 08:25:43.807] [exthost1] [info] ExtensionService#loadCommonJSModule /opt/visual-studio-code/resources/app/extensions/search-rg/out/extension
[2018-07-30 08:25:43.814] [exthost1] [info] ExtensionService#_doActivateExtension alefragnani.project-manager {"startup":true,"activationEvent":"*"}
[2018-07-30 08:25:43.814] [exthost1] [info] ExtensionService#loadCommonJSModule /home/arvindnair96/.vscode/extensions/alefragnani.project-manager-8.0.0/out/src/extension
[2018-07-30 08:25:43.842] [exthost1] [info] ExtensionService#_doActivateExtension christian-kohler.path-intellisense {"startup":true,"activationEvent":"*"}
[2018-07-30 08:25:43.842] [exthost1] [info] ExtensionService#loadCommonJSModule /home/arvindnair96/.vscode/extensions/christian-kohler.path-intellisense-1.4.2/out/src/extension
[2018-07-30 08:25:43.858] [exthost1] [info] ExtensionService#_doActivateExtension formulahendry.auto-close-tag {"startup":true,"activationEvent":"*"}
[2018-07-30 08:25:43.858] [exthost1] [info] ExtensionService#loadCommonJSModule /home/arvindnair96/.vscode/extensions/formulahendry.auto-close-tag-0.5.6/out/src/extension
[2018-07-30 08:25:43.862] [exthost1] [info] ExtensionService#_doActivateExtension formulahendry.auto-rename-tag {"startup":true,"activationEvent":"*"}
[2018-07-30 08:25:43.862] [exthost1] [info] ExtensionService#loadCommonJSModule /home/arvindnair96/.vscode/extensions/formulahendry.auto-rename-tag-0.0.15/out/src/extension
[2018-07-30 08:25:43.865] [exthost1] [info] ExtensionService#_doActivateExtension naumovs.color-highlight {"startup":true,"activationEvent":"*"}
[2018-07-30 08:25:43.865] [exthost1] [info] ExtensionService#loadCommonJSModule /home/arvindnair96/.vscode/extensions/naumovs.color-highlight-2.3.0/dist/extension
[2018-07-30 08:25:43.946] [exthost1] [info] ExtensionService#_doActivateExtension PKief.material-icon-theme {"startup":true,"activationEvent":"*"}
[2018-07-30 08:25:43.946] [exthost1] [info] ExtensionService#loadCommonJSModule /home/arvindnair96/.vscode/extensions/pkief.material-icon-theme-3.5.2/out/src/extension
[2018-07-30 08:25:44.011] [exthost1] [info] ExtensionService#_doActivateExtension Shan.code-settings-sync {"startup":true,"activationEvent":"*"}
[2018-07-30 08:25:44.011] [exthost1] [info] ExtensionService#loadCommonJSModule /home/arvindnair96/.vscode/extensions/shan.code-settings-sync-3.0.0/out/src/extension
[2018-07-30 08:25:44.407] [exthost1] [info] eager extensions activated
