[2018-07-30 00:37:27.585] [exthost1] [info] extension host started
[2018-07-30 00:37:27.623] [exthost1] [info] ExtensionService#_doActivateExtension vscode.emmet {"startup":true,"activationEvent":"*"}
[2018-07-30 00:37:27.623] [exthost1] [info] ExtensionService#loadCommonJSModule /opt/visual-studio-code/resources/app/extensions/emmet/out/extension
[2018-07-30 00:37:27.712] [exthost1] [info] ExtensionService#_doActivateExtension vscode.git {"startup":true,"activationEvent":"*"}
[2018-07-30 00:37:27.712] [exthost1] [info] ExtensionService#loadCommonJSModule /opt/visual-studio-code/resources/app/extensions/git/out/main
[2018-07-30 00:37:27.902] [exthost1] [info] ExtensionService#_doActivateExtension vscode.merge-conflict {"startup":true,"activationEvent":"*"}
[2018-07-30 00:37:27.902] [exthost1] [info] ExtensionService#loadCommonJSModule /opt/visual-studio-code/resources/app/extensions/merge-conflict/out/extension
[2018-07-30 00:37:27.915] [exthost1] [info] ExtensionService#_doActivateExtension vscode.search-rg {"startup":true,"activationEvent":"*"}
[2018-07-30 00:37:27.915] [exthost1] [info] ExtensionService#loadCommonJSModule /opt/visual-studio-code/resources/app/extensions/search-rg/out/extension
[2018-07-30 00:37:27.921] [exthost1] [info] ExtensionService#_doActivateExtension Shan.code-settings-sync {"startup":true,"activationEvent":"*"}
[2018-07-30 00:37:27.921] [exthost1] [info] ExtensionService#loadCommonJSModule /home/arvindnair96/.vscode/extensions/Shan.code-settings-sync-2.9.2/out/src/extension
[2018-07-30 00:37:30.708] [exthost1] [info] ExtensionService#_doActivateExtension alefragnani.project-manager {"startup":true,"activationEvent":"*"}
[2018-07-30 00:37:30.708] [exthost1] [info] ExtensionService#loadCommonJSModule /home/arvindnair96/.vscode/extensions/alefragnani.project-manager-0.25.2/out/src/extension
[2018-07-30 00:37:30.736] [exthost1] [info] ExtensionService#_doActivateExtension christian-kohler.path-intellisense {"startup":true,"activationEvent":"*"}
[2018-07-30 00:37:30.736] [exthost1] [info] ExtensionService#loadCommonJSModule /home/arvindnair96/.vscode/extensions/christian-kohler.path-intellisense-1.4.2/out/src/extension
[2018-07-30 00:37:30.747] [exthost1] [info] ExtensionService#_doActivateExtension formulahendry.auto-close-tag {"startup":true,"activationEvent":"*"}
[2018-07-30 00:37:30.747] [exthost1] [info] ExtensionService#loadCommonJSModule /home/arvindnair96/.vscode/extensions/formulahendry.auto-close-tag-0.5.6/out/src/extension
[2018-07-30 00:37:30.748] [exthost1] [info] ExtensionService#_doActivateExtension formulahendry.auto-rename-tag {"startup":true,"activationEvent":"*"}
[2018-07-30 00:37:30.748] [exthost1] [info] ExtensionService#loadCommonJSModule /home/arvindnair96/.vscode/extensions/formulahendry.auto-rename-tag-0.0.15/out/src/extension
[2018-07-30 00:37:30.750] [exthost1] [info] ExtensionService#_doActivateExtension naumovs.color-highlight {"startup":true,"activationEvent":"*"}
[2018-07-30 00:37:30.750] [exthost1] [info] ExtensionService#loadCommonJSModule /home/arvindnair96/.vscode/extensions/naumovs.color-highlight-2.3.0/dist/extension
[2018-07-30 00:37:30.797] [exthost1] [info] eager extensions activated
[2018-07-30 00:38:48.636] [exthost1] [info] extension host started
[2018-07-30 00:38:48.660] [exthost1] [info] ExtensionService#_doActivateExtension vscode.emmet {"startup":true,"activationEvent":"*"}
[2018-07-30 00:38:48.660] [exthost1] [info] ExtensionService#loadCommonJSModule /opt/visual-studio-code/resources/app/extensions/emmet/out/extension
[2018-07-30 00:38:48.713] [exthost1] [info] ExtensionService#_doActivateExtension vscode.git {"startup":true,"activationEvent":"*"}
[2018-07-30 00:38:48.713] [exthost1] [info] ExtensionService#loadCommonJSModule /opt/visual-studio-code/resources/app/extensions/git/out/main
[2018-07-30 00:38:48.863] [exthost1] [info] ExtensionService#_doActivateExtension vscode.merge-conflict {"startup":true,"activationEvent":"*"}
[2018-07-30 00:38:48.863] [exthost1] [info] ExtensionService#loadCommonJSModule /opt/visual-studio-code/resources/app/extensions/merge-conflict/out/extension
[2018-07-30 00:38:48.875] [exthost1] [info] ExtensionService#_doActivateExtension vscode.search-rg {"startup":true,"activationEvent":"*"}
[2018-07-30 00:38:48.875] [exthost1] [info] ExtensionService#loadCommonJSModule /opt/visual-studio-code/resources/app/extensions/search-rg/out/extension
[2018-07-30 00:38:48.880] [exthost1] [info] ExtensionService#_doActivateExtension alefragnani.project-manager {"startup":true,"activationEvent":"*"}
[2018-07-30 00:38:48.880] [exthost1] [info] ExtensionService#loadCommonJSModule /home/arvindnair96/.vscode/extensions/alefragnani.project-manager-8.0.0/out/src/extension
[2018-07-30 00:38:48.894] [exthost1] [info] ExtensionService#_doActivateExtension christian-kohler.path-intellisense {"startup":true,"activationEvent":"*"}
[2018-07-30 00:38:48.894] [exthost1] [info] ExtensionService#loadCommonJSModule /home/arvindnair96/.vscode/extensions/christian-kohler.path-intellisense-1.4.2/out/src/extension
[2018-07-30 00:38:48.903] [exthost1] [info] ExtensionService#_doActivateExtension formulahendry.auto-close-tag {"startup":true,"activationEvent":"*"}
[2018-07-30 00:38:48.903] [exthost1] [info] ExtensionService#loadCommonJSModule /home/arvindnair96/.vscode/extensions/formulahendry.auto-close-tag-0.5.6/out/src/extension
[2018-07-30 00:38:48.905] [exthost1] [info] ExtensionService#_doActivateExtension formulahendry.auto-rename-tag {"startup":true,"activationEvent":"*"}
[2018-07-30 00:38:48.905] [exthost1] [info] ExtensionService#loadCommonJSModule /home/arvindnair96/.vscode/extensions/formulahendry.auto-rename-tag-0.0.15/out/src/extension
[2018-07-30 00:38:48.907] [exthost1] [info] ExtensionService#_doActivateExtension naumovs.color-highlight {"startup":true,"activationEvent":"*"}
[2018-07-30 00:38:48.907] [exthost1] [info] ExtensionService#loadCommonJSModule /home/arvindnair96/.vscode/extensions/naumovs.color-highlight-2.3.0/dist/extension
[2018-07-30 00:38:48.946] [exthost1] [info] ExtensionService#_doActivateExtension Shan.code-settings-sync {"startup":true,"activationEvent":"*"}
[2018-07-30 00:38:48.946] [exthost1] [info] ExtensionService#loadCommonJSModule /home/arvindnair96/.vscode/extensions/shan.code-settings-sync-3.0.0/out/src/extension
[2018-07-30 00:38:49.202] [exthost1] [info] eager extensions activated
[2018-07-30 00:39:01.912] [exthost1] [info] extension host started
[2018-07-30 00:39:01.937] [exthost1] [info] ExtensionService#_doActivateExtension vscode.emmet {"startup":true,"activationEvent":"*"}
[2018-07-30 00:39:01.937] [exthost1] [info] ExtensionService#loadCommonJSModule /opt/visual-studio-code/resources/app/extensions/emmet/out/extension
[2018-07-30 00:39:01.996] [exthost1] [info] ExtensionService#_doActivateExtension vscode.git {"startup":true,"activationEvent":"*"}
[2018-07-30 00:39:01.997] [exthost1] [info] ExtensionService#loadCommonJSModule /opt/visual-studio-code/resources/app/extensions/git/out/main
[2018-07-30 00:39:02.167] [exthost1] [info] ExtensionService#_doActivateExtension vscode.merge-conflict {"startup":true,"activationEvent":"*"}
[2018-07-30 00:39:02.167] [exthost1] [info] ExtensionService#loadCommonJSModule /opt/visual-studio-code/resources/app/extensions/merge-conflict/out/extension
[2018-07-30 00:39:02.180] [exthost1] [info] ExtensionService#_doActivateExtension vscode.search-rg {"startup":true,"activationEvent":"*"}
[2018-07-30 00:39:02.180] [exthost1] [info] ExtensionService#loadCommonJSModule /opt/visual-studio-code/resources/app/extensions/search-rg/out/extension
[2018-07-30 00:39:02.185] [exthost1] [info] ExtensionService#_doActivateExtension alefragnani.project-manager {"startup":true,"activationEvent":"*"}
[2018-07-30 00:39:02.185] [exthost1] [info] ExtensionService#loadCommonJSModule /home/arvindnair96/.vscode/extensions/alefragnani.project-manager-8.0.0/out/src/extension
[2018-07-30 00:39:02.201] [exthost1] [info] ExtensionService#_doActivateExtension christian-kohler.path-intellisense {"startup":true,"activationEvent":"*"}
[2018-07-30 00:39:02.201] [exthost1] [info] ExtensionService#loadCommonJSModule /home/arvindnair96/.vscode/extensions/christian-kohler.path-intellisense-1.4.2/out/src/extension
[2018-07-30 00:39:02.211] [exthost1] [info] ExtensionService#_doActivateExtension formulahendry.auto-close-tag {"startup":true,"activationEvent":"*"}
[2018-07-30 00:39:02.211] [exthost1] [info] ExtensionService#loadCommonJSModule /home/arvindnair96/.vscode/extensions/formulahendry.auto-close-tag-0.5.6/out/src/extension
[2018-07-30 00:39:02.213] [exthost1] [info] ExtensionService#_doActivateExtension formulahendry.auto-rename-tag {"startup":true,"activationEvent":"*"}
[2018-07-30 00:39:02.213] [exthost1] [info] ExtensionService#loadCommonJSModule /home/arvindnair96/.vscode/extensions/formulahendry.auto-rename-tag-0.0.15/out/src/extension
[2018-07-30 00:39:02.215] [exthost1] [info] ExtensionService#_doActivateExtension naumovs.color-highlight {"startup":true,"activationEvent":"*"}
[2018-07-30 00:39:02.215] [exthost1] [info] ExtensionService#loadCommonJSModule /home/arvindnair96/.vscode/extensions/naumovs.color-highlight-2.3.0/dist/extension
[2018-07-30 00:39:02.253] [exthost1] [info] ExtensionService#_doActivateExtension PKief.material-icon-theme {"startup":true,"activationEvent":"*"}
[2018-07-30 00:39:02.253] [exthost1] [info] ExtensionService#loadCommonJSModule /home/arvindnair96/.vscode/extensions/pkief.material-icon-theme-3.5.2/out/src/extension
[2018-07-30 00:39:02.290] [exthost1] [info] ExtensionService#_doActivateExtension Shan.code-settings-sync {"startup":true,"activationEvent":"*"}
[2018-07-30 00:39:02.290] [exthost1] [info] ExtensionService#loadCommonJSModule /home/arvindnair96/.vscode/extensions/shan.code-settings-sync-3.0.0/out/src/extension
[2018-07-30 00:39:02.545] [exthost1] [info] eager extensions activated
[2018-07-30 00:39:10.733] [exthost1] [info] ExtensionService#_doActivateExtension vscode.configuration-editing {"startup":false,"activationEvent":"onLanguage:jsonc"}
[2018-07-30 00:39:10.733] [exthost1] [info] ExtensionService#loadCommonJSModule /opt/visual-studio-code/resources/app/extensions/configuration-editing/out/extension
[2018-07-30 00:39:10.747] [exthost1] [info] ExtensionService#_doActivateExtension vscode.json-language-features {"startup":false,"activationEvent":"onLanguage:jsonc"}
[2018-07-30 00:39:10.747] [exthost1] [info] ExtensionService#loadCommonJSModule /opt/visual-studio-code/resources/app/extensions/json-language-features/client/out/jsonMain
